<?xml version="1.0" encoding="UTF-8"?>
<!-- Generated by org.testng.reporters.JUnitReportReporter -->
<testsuite hostname="DESKTOP-2HL2JCU" failures="0" tests="1" name="Amazon.RunnerClass" time="57.321" errors="0" timestamp="2023-02-24T13:33:48 IST" skipped="0">
  <testcase classname="Amazon.RunnerClass" name="TS_01" time="57.321"/>
  <system-out/>
</testsuite> <!-- Amazon.RunnerClass -->
