<?xml version="1.0" encoding="UTF-8"?>
<!-- Generated by org.testng.reporters.JUnitReportReporter -->
<testsuite hostname="DESKTOP-2HL2JCU" failures="0" tests="1" name="Assesment.Runner_Class" time="143.238" errors="0" timestamp="2023-02-24T12:18:17 IST" skipped="0">
  <testcase classname="Assesment.Runner_Class" name="Test" time="143.238"/>
  <system-out/>
</testsuite> <!-- Assesment.Runner_Class -->
